Determining if the pthread_create exist failed with the following output:
Change Dir: /home/rshnn/Documents/CS598/pracsys/src/prx_simulation/CMakeFiles/CMakeTmp

Run Build Command:/usr/bin/make "cmTryCompileExec1222816532/fast"
/usr/bin/make -f CMakeFiles/cmTryCompileExec1222816532.dir/build.make CMakeFiles/cmTryCompileExec1222816532.dir/build
make[1]: Entering directory `/home/rshnn/Documents/CS598/pracsys/src/prx_simulation/CMakeFiles/CMakeTmp'
/usr/bin/cmake -E cmake_progress_report /home/rshnn/Documents/CS598/pracsys/src/prx_simulation/CMakeFiles/CMakeTmp/CMakeFiles 1
Building C object CMakeFiles/cmTryCompileExec1222816532.dir/CheckSymbolExists.c.o
/usr/bin/cc    -o CMakeFiles/cmTryCompileExec1222816532.dir/CheckSymbolExists.c.o   -c /home/rshnn/Documents/CS598/pracsys/src/prx_simulation/CMakeFiles/CMakeTmp/CheckSymbolExists.c
Linking C executable cmTryCompileExec1222816532
/usr/bin/cmake -E cmake_link_script CMakeFiles/cmTryCompileExec1222816532.dir/link.txt --verbose=1
/usr/bin/cc       CMakeFiles/cmTryCompileExec1222816532.dir/CheckSymbolExists.c.o  -o cmTryCompileExec1222816532 -rdynamic 
CMakeFiles/cmTryCompileExec1222816532.dir/CheckSymbolExists.c.o: In function `main':
CheckSymbolExists.c:(.text+0x16): undefined reference to `pthread_create'
collect2: error: ld returned 1 exit status
make[1]: Leaving directory `/home/rshnn/Documents/CS598/pracsys/src/prx_simulation/CMakeFiles/CMakeTmp'
make[1]: *** [cmTryCompileExec1222816532] Error 1
make: *** [cmTryCompileExec1222816532/fast] Error 2

File /home/rshnn/Documents/CS598/pracsys/src/prx_simulation/CMakeFiles/CMakeTmp/CheckSymbolExists.c:
/* */
#include <pthread.h>

int main(int argc, char** argv)
{
  (void)argv;
#ifndef pthread_create
  return ((int*)(&pthread_create))[argc];
#else
  (void)argc;
  return 0;
#endif
}

Determining if the function pthread_create exists in the pthreads failed with the following output:
Change Dir: /home/rshnn/Documents/CS598/pracsys/src/prx_simulation/CMakeFiles/CMakeTmp

Run Build Command:/usr/bin/make "cmTryCompileExec4293172708/fast"
/usr/bin/make -f CMakeFiles/cmTryCompileExec4293172708.dir/build.make CMakeFiles/cmTryCompileExec4293172708.dir/build
make[1]: Entering directory `/home/rshnn/Documents/CS598/pracsys/src/prx_simulation/CMakeFiles/CMakeTmp'
/usr/bin/cmake -E cmake_progress_report /home/rshnn/Documents/CS598/pracsys/src/prx_simulation/CMakeFiles/CMakeTmp/CMakeFiles 1
Building C object CMakeFiles/cmTryCompileExec4293172708.dir/CheckFunctionExists.c.o
/usr/bin/cc   -DCHECK_FUNCTION_EXISTS=pthread_create   -o CMakeFiles/cmTryCompileExec4293172708.dir/CheckFunctionExists.c.o   -c /usr/share/cmake-2.8/Modules/CheckFunctionExists.c
Linking C executable cmTryCompileExec4293172708
/usr/bin/cmake -E cmake_link_script CMakeFiles/cmTryCompileExec4293172708.dir/link.txt --verbose=1
/usr/bin/cc   -DCHECK_FUNCTION_EXISTS=pthread_create    CMakeFiles/cmTryCompileExec4293172708.dir/CheckFunctionExists.c.o  -o cmTryCompileExec4293172708 -rdynamic -lpthreads 
/usr/bin/ld: cannot find -lpthreads
collect2: error: ld returned 1 exit status
make[1]: Leaving directory `/home/rshnn/Documents/CS598/pracsys/src/prx_simulation/CMakeFiles/CMakeTmp'
make[1]: *** [cmTryCompileExec4293172708] Error 1
make: *** [cmTryCompileExec4293172708/fast] Error 2


